[21:01:55] [ERROR] mysql_connect: handle error: no database specified
[21:01:55] [ERROR] mysql_errno: invalid connection handle '1'
[21:01:55] [ERROR] mysql_close: invalid connection handle '1'
[21:01:56] [ERROR] mysql_connect: handle error: no database specified
[21:01:56] [ERROR] mysql_errno: invalid connection handle '1'
[21:01:56] [ERROR] mysql_close: invalid connection handle '1'
[21:01:57] [ERROR] mysql_connect: handle error: no database specified
[21:01:57] [ERROR] mysql_errno: invalid connection handle '1'
[21:01:57] [ERROR] mysql_close: invalid connection handle '1'
[21:01:58] [ERROR] mysql_connect: handle error: no database specified
[21:01:58] [ERROR] mysql_errno: invalid connection handle '1'
[21:01:58] [ERROR] mysql_close: invalid connection handle '1'
[21:01:58] [ERROR] mysql_connect: handle error: no database specified
[21:01:58] [ERROR] mysql_errno: invalid connection handle '1'
[21:01:58] [ERROR] mysql_close: invalid connection handle '1'
[21:02:12] [ERROR] mysql_connect: handle error: no database specified
[21:02:12] [ERROR] mysql_errno: invalid connection handle '1'
[21:02:12] [ERROR] mysql_close: invalid connection handle '1'
[21:02:56] [ERROR] mysql_connect: handle error: no database specified
[21:02:56] [ERROR] mysql_errno: invalid connection handle '1'
[21:02:56] [ERROR] mysql_close: invalid connection handle '1'
[21:04:27] [ERROR] mysql_connect: handle error: no database specified
[21:04:27] [ERROR] mysql_errno: invalid connection handle '1'
[21:04:27] [ERROR] mysql_close: invalid connection handle '1'
[21:04:39] [ERROR] mysql_connect: handle error: no database specified
[21:04:39] [ERROR] mysql_errno: invalid connection handle '1'
[21:04:39] [ERROR] mysql_close: invalid connection handle '1'
[21:33:37] [ERROR] mysql_connect: handle error: no database specified
[21:33:37] [ERROR] mysql_errno: invalid connection handle '1'
[21:33:37] [ERROR] mysql_close: invalid connection handle '1'
[21:37:23] [ERROR] mysql_connect: handle error: no database specified
[21:37:23] [ERROR] mysql_errno: invalid connection handle '1'
[21:37:23] [ERROR] mysql_close: invalid connection handle '1'
[21:38:51] [ERROR] mysql_connect: handle error: no database specified
[21:38:51] [ERROR] mysql_errno: invalid connection handle '1'
[21:38:51] [ERROR] mysql_close: invalid connection handle '1'
[21:39:16] [ERROR] mysql_connect: handle error: no database specified
[21:39:16] [ERROR] mysql_errno: invalid connection handle '1'
[21:39:16] [ERROR] mysql_close: invalid connection handle '1'
[21:42:16] [ERROR] mysql_connect: handle error: no database specified
[21:42:16] [ERROR] mysql_errno: invalid connection handle '1'
[21:42:16] [ERROR] mysql_errno: invalid connection handle '1'
[21:42:16] [ERROR] mysql_close: invalid connection handle '1'
[21:42:53] [ERROR] mysql_connect: handle error: no database specified
[21:42:53] [ERROR] mysql_errno: invalid connection handle '1'
[21:42:53] [ERROR] mysql_close: invalid connection handle '1'
[21:43:35] [ERROR] mysql_connect: handle error: no database specified
[21:43:35] [ERROR] mysql_errno: invalid connection handle '1'
[21:43:35] [ERROR] mysql_close: invalid connection handle '1'
[21:45:48] [WARNING] mysql_connect: no password specified
[21:45:48] [ERROR] CConnection::CConnection - establishing connection to MySQL database failed: #1045 'Access denied for user 'Pytham'@'localhost' (using password: NO)'
[21:45:48] [ERROR] CConnection::CConnection - establishing connection to MySQL database failed: #1045 'Access denied for user 'Pytham'@'localhost' (using password: NO)'
[21:45:48] [ERROR] CConnection::CConnection - establishing connection to MySQL database failed: #1045 'Access denied for user 'Pytham'@'localhost' (using password: NO)'
[21:45:48] [ERROR] CConnection::CConnection - establishing connection to MySQL database failed: #1045 'Access denied for user 'Pytham'@'localhost' (using password: NO)'
[21:47:50] [WARNING] mysql_connect: no password specified
[21:47:50] [ERROR] CConnection::CConnection - establishing connection to MySQL database failed: #1045 'Access denied for user 'Pytham'@'localhost' (using password: NO)'
[21:47:50] [ERROR] CConnection::CConnection - establishing connection to MySQL database failed: #1045 'Access denied for user 'Pytham'@'localhost' (using password: NO)'
[21:47:50] [ERROR] CConnection::CConnection - establishing connection to MySQL database failed: #1045 'Access denied for user 'Pytham'@'localhost' (using password: NO)'
[21:47:50] [ERROR] CConnection::CConnection - establishing connection to MySQL database failed: #1045 'Access denied for user 'Pytham'@'localhost' (using password: NO)'
[21:48:07] [WARNING] mysql_connect: no password specified
[21:48:07] [ERROR] CConnection::CConnection - establishing connection to MySQL database failed: #1045 'Access denied for user 'Pytham'@'localhost' (using password: NO)'
[21:48:07] [ERROR] CConnection::CConnection - establishing connection to MySQL database failed: #1045 'Access denied for user 'Pytham'@'localhost' (using password: NO)'
[21:48:07] [ERROR] CConnection::CConnection - establishing connection to MySQL database failed: #1045 'Access denied for user 'Pytham'@'localhost' (using password: NO)'
[21:48:07] [ERROR] CConnection::CConnection - establishing connection to MySQL database failed: #1045 'Access denied for user 'Pytham'@'localhost' (using password: NO)'
[21:48:31] [WARNING] mysql_connect: no password specified
[21:48:31] [ERROR] CConnection::CConnection - establishing connection to MySQL database failed: #1045 'Access denied for user 'Pytham'@'localhost' (using password: NO)'
[21:48:31] [ERROR] CConnection::CConnection - establishing connection to MySQL database failed: #1045 'Access denied for user 'Pytham'@'localhost' (using password: NO)'
[21:48:31] [ERROR] CConnection::CConnection - establishing connection to MySQL database failed: #1045 'Access denied for user 'Pytham'@'localhost' (using password: NO)'
[21:48:31] [ERROR] CConnection::CConnection - establishing connection to MySQL database failed: #1045 'Access denied for user 'Pytham'@'localhost' (using password: NO)'
[21:48:58] [WARNING] mysql_connect: no password specified
[21:48:58] [ERROR] CConnection::CConnection - establishing connection to MySQL database failed: #1045 'Access denied for user 'Pytham'@'localhost' (using password: NO)'
[21:48:58] [ERROR] CConnection::CConnection - establishing connection to MySQL database failed: #1045 'Access denied for user 'Pytham'@'localhost' (using password: NO)'
[21:48:58] [ERROR] CConnection::CConnection - establishing connection to MySQL database failed: #1045 'Access denied for user 'Pytham'@'localhost' (using password: NO)'
[21:48:58] [ERROR] CConnection::CConnection - establishing connection to MySQL database failed: #1045 'Access denied for user 'Pytham'@'localhost' (using password: NO)'
[21:50:44] [ERROR] CConnection::CConnection - establishing connection to MySQL database failed: #1045 'Access denied for user 'root'@'localhost' (using password: YES)'
[21:50:44] [ERROR] CConnection::CConnection - establishing connection to MySQL database failed: #1045 'Access denied for user 'root'@'localhost' (using password: YES)'
[21:50:44] [ERROR] CConnection::CConnection - establishing connection to MySQL database failed: #1045 'Access denied for user 'root'@'localhost' (using password: YES)'
[21:50:44] [ERROR] CConnection::CConnection - establishing connection to MySQL database failed: #1045 'Access denied for user 'root'@'localhost' (using password: YES)'
[21:51:10] [ERROR] CConnection::CConnection - establishing connection to MySQL database failed: #1045 'Access denied for user 'root'@'localhost' (using password: YES)'
[21:51:10] [ERROR] CConnection::CConnection - establishing connection to MySQL database failed: #1045 'Access denied for user 'root'@'localhost' (using password: YES)'
[21:51:10] [ERROR] CConnection::CConnection - establishing connection to MySQL database failed: #1045 'Access denied for user 'root'@'localhost' (using password: YES)'
[21:51:10] [ERROR] CConnection::CConnection - establishing connection to MySQL database failed: #1045 'Access denied for user 'root'@'localhost' (using password: YES)'
[21:51:25] [ERROR] CConnection::CConnection - establishing connection to MySQL database failed: #1045 'Access denied for user 'root'@'localhost' (using password: YES)'
[21:51:25] [ERROR] CConnection::CConnection - establishing connection to MySQL database failed: #1045 'Access denied for user 'root'@'localhost' (using password: YES)'
[21:51:25] [ERROR] CConnection::CConnection - establishing connection to MySQL database failed: #1045 'Access denied for user 'root'@'localhost' (using password: YES)'
[21:51:25] [ERROR] CConnection::CConnection - establishing connection to MySQL database failed: #1045 'Access denied for user 'root'@'localhost' (using password: YES)'
[21:52:11] [ERROR] CConnection::CConnection - establishing connection to MySQL database failed: #1045 'Access denied for user 'tabla_usuarios'@'localhost' (using password: YES)'
[21:52:11] [ERROR] CConnection::CConnection - establishing connection to MySQL database failed: #1045 'Access denied for user 'tabla_usuarios'@'localhost' (using password: YES)'
[21:52:11] [ERROR] CConnection::CConnection - establishing connection to MySQL database failed: #1045 'Access denied for user 'tabla_usuarios'@'localhost' (using password: YES)'
[21:52:11] [ERROR] CConnection::CConnection - establishing connection to MySQL database failed: #1045 'Access denied for user 'tabla_usuarios'@'localhost' (using password: YES)'
[21:58:51] [WARNING] mysql_connect: no password specified
[22:12:00] [WARNING] mysql_connect: no password specified
[22:22:45] [WARNING] mysql_connect: no password specified
[17:10:44] [WARNING] mysql_connect: no password specified
[17:10:46] [ERROR] CConnection::CConnection - establishing connection to MySQL database failed: #2002 'Can't connect to MySQL server on 'localhost' (10061)'
[17:10:48] [ERROR] CConnection::CConnection - establishing connection to MySQL database failed: #2002 'Can't connect to MySQL server on 'localhost' (10061)'
[17:10:50] [ERROR] CConnection::CConnection - establishing connection to MySQL database failed: #2002 'Can't connect to MySQL server on 'localhost' (10061)'
[17:10:52] [ERROR] CConnection::CConnection - establishing connection to MySQL database failed: #2002 'Can't connect to MySQL server on 'localhost' (10061)'
[18:31:37] [WARNING] mysql_connect: no password specified
[18:48:46] [WARNING] mysql_connect: no password specified
[22:39:30] [WARNING] mysql_connect: no password specified
[22:39:41] [WARNING] mysql_connect: no password specified
[22:41:46] [ERROR] mysql_tquery: callback error: parameter count does not match format specifier length
[22:43:57] [WARNING] mysql_connect: no password specified
[22:44:33] [ERROR] mysql_tquery: callback error: parameter count does not match format specifier length
[22:49:54] [WARNING] mysql_connect: no password specified
[22:50:22] [ERROR] mysql_tquery: callback error: parameter count does not match format specifier length
[22:50:27] [ERROR] cache_get_row_count: no active cache
[22:50:33] [ERROR] mysql_tquery: callback error: parameter count does not match format specifier length
[22:50:46] [ERROR] cache_get_row_count: no active cache
[22:50:52] [ERROR] mysql_tquery: callback error: parameter count does not match format specifier length
[22:51:06] [ERROR] cache_get_row_count: no active cache
[23:00:03] [WARNING] mysql_connect: no password specified
[23:00:27] [ERROR] mysql_tquery: callback error: parameter count does not match format specifier length
[23:00:33] [ERROR] cache_get_row_count: no active cache
[23:00:39] [ERROR] mysql_tquery: callback error: parameter count does not match format specifier length
[23:00:50] [ERROR] cache_get_row_count: no active cache
[23:02:08] [WARNING] mysql_connect: no password specified
[23:02:30] [ERROR] mysql_tquery: callback error: parameter count does not match format specifier length
[23:02:37] [ERROR] cache_get_row_count: no active cache
[23:02:42] [ERROR] mysql_tquery: callback error: parameter count does not match format specifier length
[23:02:48] [ERROR] mysql_format: destination size '256' is too small
[23:02:48] [ERROR] mysql_tquery: callback error: parameter count does not match format specifier length
[23:12:53] [WARNING] mysql_connect: no password specified
[23:13:17] [ERROR] mysql_tquery: callback error: parameter count does not match format specifier length
[23:13:24] [ERROR] cache_get_row_count: no active cache
[23:13:28] [ERROR] mysql_tquery: callback error: parameter count does not match format specifier length
[23:14:42] [ERROR] cache_get_row_count: no active cache
[23:14:44] [ERROR] mysql_tquery: callback error: parameter count does not match format specifier length
[23:14:51] [ERROR] mysql_format: destination size '256' is too small
[23:14:51] [ERROR] mysql_tquery: callback error: parameter count does not match format specifier length
[16:23:09] [WARNING] mysql_connect: no password specified
[16:23:11] [ERROR] CConnection::CConnection - establishing connection to MySQL database failed: #2002 'Can't connect to MySQL server on 'localhost' (10061)'
[16:23:13] [ERROR] CConnection::CConnection - establishing connection to MySQL database failed: #2002 'Can't connect to MySQL server on 'localhost' (10061)'
[16:23:15] [ERROR] CConnection::CConnection - establishing connection to MySQL database failed: #2002 'Can't connect to MySQL server on 'localhost' (10061)'
[16:23:17] [ERROR] CConnection::CConnection - establishing connection to MySQL database failed: #2002 'Can't connect to MySQL server on 'localhost' (10061)'
[16:23:22] [WARNING] mysql_connect: no password specified
[14:23:23] [WARNING] mysql_connect: no password specified
[14:23:23] [ERROR] error #1064 while executing query "CREATE TABLE IF NOT EXISTS `USUARIOS` (`ID` int(11) NOT NULL AUTO_INCREMENT,`NOMBRE` varchar(24) NOT NULL,`PASSWORD` char(65) NOT NULL,`GENERO` tinyint(1) NOT NULL,`EDAD` mediumint(7), `NIVEL` mediumint(7), `INDUMENCIA` mediumint(7) NOT NULL DEFAULT '0',`ESPECIE` mediumint(7) NOT NULL DEFAULT '0', 'VIDA' float(4) NOT NULL DEFAULT '100', 'CHALECO' float(4) NOT NULL DEFAULT '0', `MUNDO` mediumint(7) NOT NULL DEFAULT '0',`INTERIOR` mediumint(7) NOT NULL DEFAULT '0','ANGULO' float(4) NOT NULL DEFAULT '90.0','POSX' float(4) NOT NULL DEFAULT '0','POSY' float(4) NOT NULL DEFAULT '0','POSZ' float(4) NOT NULL DEFAULT '0','DINERO' int(11) NOT NULL DEFAULT '1000', PRIMARY KEY (`ID`), UNIQUE KEY `NOMBRE` (`NOMBRE`))": You have an error in your SQL syntax; check the manual that corresponds to your MariaDB server version for the right syntax to use near ''VIDA' float(4) NOT NULL DEFAULT '100', 'CHALECO' float(4) NOT NULL DEFAULT '0',' at line 1
[14:24:30] [WARNING] mysql_connect: no password specified
[14:24:30] [ERROR] error #1064 while executing query "CREATE TABLE IF NOT EXISTS `USUARIOS.` (`ID` int(11) NOT NULL AUTO_INCREMENT,`NOMBRE` varchar(24) NOT NULL,`PASSWORD` char(65) NOT NULL,`GENERO` tinyint(1) NOT NULL,`EDAD` mediumint(7), `NIVEL` mediumint(7), `INDUMENCIA` mediumint(7) NOT NULL DEFAULT '0',`ESPECIE` mediumint(7) NOT NULL DEFAULT '0', 'VIDA' float(4) NOT NULL DEFAULT '100', 'CHALECO' float(4) NOT NULL DEFAULT '0', `MUNDO` mediumint(7) NOT NULL DEFAULT '0',`INTERIOR` mediumint(7) NOT NULL DEFAULT '0','ANGULO' float(4) NOT NULL DEFAULT '90.0','POSX' float(4) NOT NULL DEFAULT '0','POSY' float(4) NOT NULL DEFAULT '0','POSZ' float(4) NOT NULL DEFAULT '0','DINERO' int(11) NOT NULL DEFAULT '1000', PRIMARY KEY (`ID`), UNIQUE KEY `NOMBRE` (`NOMBRE`))": You have an error in your SQL syntax; check the manual that corresponds to your MariaDB server version for the right syntax to use near ''VIDA' float(4) NOT NULL DEFAULT '100', 'CHALECO' float(4) NOT NULL DEFAULT '0',' at line 1
[14:25:12] [WARNING] mysql_connect: no password specified
[14:25:12] [ERROR] error #1064 while executing query "CREATE TABLE IF NOT EXISTS `USUARIO` (`ID` int(11) NOT NULL AUTO_INCREMENT,`NOMBRE` varchar(24) NOT NULL,`PASSWORD` char(65) NOT NULL,`GENERO` tinyint(1) NOT NULL,`EDAD` mediumint(7), `NIVEL` mediumint(7), `INDUMENCIA` mediumint(7) NOT NULL DEFAULT '0',`ESPECIE` mediumint(7) NOT NULL DEFAULT '0', 'VIDA' float(4) NOT NULL DEFAULT '100', 'CHALECO' float(4) NOT NULL DEFAULT '0', `MUNDO` mediumint(7) NOT NULL DEFAULT '0',`INTERIOR` mediumint(7) NOT NULL DEFAULT '0','ANGULO' float(4) NOT NULL DEFAULT '90.0','POSX' float(4) NOT NULL DEFAULT '0','POSY' float(4) NOT NULL DEFAULT '0','POSZ' float(4) NOT NULL DEFAULT '0','DINERO' int(11) NOT NULL DEFAULT '1000', PRIMARY KEY (`ID`), UNIQUE KEY `NOMBRE` (`NOMBRE`))": You have an error in your SQL syntax; check the manual that corresponds to your MariaDB server version for the right syntax to use near ''VIDA' float(4) NOT NULL DEFAULT '100', 'CHALECO' float(4) NOT NULL DEFAULT '0',' at line 1
[14:25:50] [WARNING] mysql_connect: no password specified
[14:25:50] [ERROR] CConnection::CConnection - establishing connection to MySQL database failed: #1049 'Unknown database 'tabla_usuario''
[14:25:50] [ERROR] CConnection::CConnection - establishing connection to MySQL database failed: #1049 'Unknown database 'tabla_usuario''
[14:25:50] [ERROR] CConnection::CConnection - establishing connection to MySQL database failed: #1049 'Unknown database 'tabla_usuario''
[14:25:50] [ERROR] CConnection::CConnection - establishing connection to MySQL database failed: #1049 'Unknown database 'tabla_usuario''
[14:25:50] [ERROR] mysql_tquery: invalid connection handle '1'
[14:26:02] [WARNING] mysql_connect: no password specified
[14:26:02] [ERROR] error #1064 while executing query "CREATE TABLE IF NOT EXISTS `USUARIO` (`ID` int(11) NOT NULL AUTO_INCREMENT,`NOMBRE` varchar(24) NOT NULL,`PASSWORD` char(65) NOT NULL,`GENERO` tinyint(1) NOT NULL,`EDAD` mediumint(7), `NIVEL` mediumint(7), `INDUMENCIA` mediumint(7) NOT NULL DEFAULT '0',`ESPECIE` mediumint(7) NOT NULL DEFAULT '0', 'VIDA' float(4) NOT NULL DEFAULT '100', 'CHALECO' float(4) NOT NULL DEFAULT '0', `MUNDO` mediumint(7) NOT NULL DEFAULT '0',`INTERIOR` mediumint(7) NOT NULL DEFAULT '0','ANGULO' float(4) NOT NULL DEFAULT '90.0','POSX' float(4) NOT NULL DEFAULT '0','POSY' float(4) NOT NULL DEFAULT '0','POSZ' float(4) NOT NULL DEFAULT '0','DINERO' int(11) NOT NULL DEFAULT '1000', PRIMARY KEY (`ID`), UNIQUE KEY `NOMBRE` (`NOMBRE`))": You have an error in your SQL syntax; check the manual that corresponds to your MariaDB server version for the right syntax to use near ''VIDA' float(4) NOT NULL DEFAULT '100', 'CHALECO' float(4) NOT NULL DEFAULT '0',' at line 1
[14:27:28] [WARNING] mysql_connect: no password specified
[14:27:28] [ERROR] error #1064 while executing query "CREATE TABLE IF NOT EXISTS `USUARIO` (`ID` int(11) NOT NULL AUTO_INCREMENT,`NOMBRE` varchar(24) NOT NULL,`PASSWORD` char(65) NOT NULL,`GENERO` tinyint(1) NOT NULL,`EDAD` mediumint(7), `NIVEL` mediumint(7), `INDUMENCIA` mediumint(7) NOT NULL DEFAULT '0',`ESPECIE` mediumint(7) NOT NULL DEFAULT '0', 'VIDA' float(4) NOT NULL DEFAULT '100', 'CHALECO' float(4) NOT NULL DEFAULT '0', `MUNDO` mediumint(7) NOT NULL DEFAULT '0',`INTERIOR` mediumint(7) NOT NULL DEFAULT '0','ANGULO' float(4) NOT NULL DEFAULT '90.0','POSX' float(4) NOT NULL DEFAULT '0','POSY' float(4) NOT NULL DEFAULT '0','POSZ' float(4) NOT NULL DEFAULT '0','DINERO' int(11) NOT NULL DEFAULT '1000', PRIMARY KEY (`ID`), UNIQUE KEY `NOMBRE` (`NOMBRE`))": You have an error in your SQL syntax; check the manual that corresponds to your MariaDB server version for the right syntax to use near ''VIDA' float(4) NOT NULL DEFAULT '100', 'CHALECO' float(4) NOT NULL DEFAULT '0',' at line 1
[14:28:39] [WARNING] mysql_connect: no password specified
[14:28:39] [ERROR] error #1064 while executing query "CREATE TABLE IF NOT EXISTS `USUARIOS` (`ID` int(11) NOT NULL AUTO_INCREMENT,`NOMBRE` varchar(24) NOT NULL,`PASSWORD` char(65) NOT NULL,`GENERO` tinyint(1) NOT NULL,`EDAD` mediumint(7), `NIVEL` mediumint(7), `INDUMENCIA` mediumint(7) NOT NULL DEFAULT '0',`ESPECIE` mediumint(7) NOT NULL DEFAULT '0', 'VIDA' float(4) NOT NULL DEFAULT '100', 'CHALECO' float(4) NOT NULL DEFAULT '0', `MUNDO` mediumint(7) NOT NULL DEFAULT '0',`INTERIOR` mediumint(7) NOT NULL DEFAULT '0','ANGULO' float(4) NOT NULL DEFAULT '90.0','POSX' float(4) NOT NULL DEFAULT '0','POSY' float(4) NOT NULL DEFAULT '0','POSZ' float(4) NOT NULL DEFAULT '0','DINERO' int(11) NOT NULL DEFAULT '1000', PRIMARY KEY (`ID`), UNIQUE KEY `NOMBRE` (`NOMBRE`))": You have an error in your SQL syntax; check the manual that corresponds to your MariaDB server version for the right syntax to use near ''VIDA' float(4) NOT NULL DEFAULT '100', 'CHALECO' float(4) NOT NULL DEFAULT '0',' at line 1
[14:31:34] [WARNING] mysql_connect: no password specified
[14:31:34] [ERROR] error #1064 while executing query "CREATE TABLE IF NOT EXISTS `USUARIOS` (`ID` int(11) NOT NULL AUTO_INCREMENT,`NOMBRE` varchar(24) NOT NULL,`PASSWORD` char(65) NOT NULL,`GENERO` tinyint(1) NOT NULL,`EDAD` mediumint(7), `NIVEL` mediumint(7), `INDUMENCIA` mediumint(7) NOT NULL DEFAULT '0',`ESPECIE` mediumint(7) NOT NULL DEFAULT '0', 'VIDA' float(4) NOT NULL DEFAULT '100', 'CHALECO' float(4) NOT NULL DEFAULT '0', `MUNDO` mediumint(7) NOT NULL DEFAULT '0',`INTERIOR` mediumint(7) NOT NULL DEFAULT '0','ANGULO' float(4) NOT NULL DEFAULT '90.0','POSX' float(4) NOT NULL DEFAULT '0','POSY' float(4) NOT NULL DEFAULT '0','POSZ' float(4) NOT NULL DEFAULT '0','DINERO' int(11) NOT NULL DEFAULT '1000', PRIMARY KEY (`ID`), UNIQUE KEY `NOMBRE` (`NOMBRE`))": You have an error in your SQL syntax; check the manual that corresponds to your MariaDB server version for the right syntax to use near ''VIDA' float(4) NOT NULL DEFAULT '100', 'CHALECO' float(4) NOT NULL DEFAULT '0',' at line 1
[14:31:49] [WARNING] mysql_connect: no password specified
[14:31:49] [ERROR] error #1064 while executing query "CREATE TABLE IF NOT EXISTS `USUARIOS` (`ID` int(11) NOT NULL AUTO_INCREMENT,`NOMBRE` varchar(24) NOT NULL,`PASSWORD` char(65) NOT NULL,`GENERO` tinyint(1) NOT NULL,`EDAD` mediumint(7), `NIVEL` mediumint(7), `INDUMENCIA` mediumint(7) NOT NULL DEFAULT '0',`ESPECIE` mediumint(7) NOT NULL DEFAULT '0', 'VIDA' float(4) NOT NULL DEFAULT '100', 'CHALECO' float(4) NOT NULL DEFAULT '0', `MUNDO` mediumint(7) NOT NULL DEFAULT '0',`INTERIOR` mediumint(7) NOT NULL DEFAULT '0','ANGULO' float(4) NOT NULL DEFAULT '90.0','POSX' float(4) NOT NULL DEFAULT '0','POSY' float(4) NOT NULL DEFAULT '0','POSZ' float(4) NOT NULL DEFAULT '0','DINERO' int(11) NOT NULL DEFAULT '1000', PRIMARY KEY (`ID`), UNIQUE KEY `NOMBRE` (`NOMBRE`))": You have an error in your SQL syntax; check the manual that corresponds to your MariaDB server version for the right syntax to use near ''VIDA' float(4) NOT NULL DEFAULT '100', 'CHALECO' float(4) NOT NULL DEFAULT '0',' at line 1
[14:35:16] [WARNING] mysql_connect: no password specified
[14:35:16] [ERROR] error #1064 while executing query "CREATE TABLE IF NOT EXISTS `USUARIOS` (`ID` int(11) NOT NULL AUTO_INCREMENT,`NOMBRE` varchar(24) NOT NULL,`PASSWORD` char(65) NOT NULL,`GENERO` tinyint(1) NOT NULL,`EDAD` mediumint(7), `NIVEL` mediumint(7), `INDUMENCIA` mediumint(7) NOT NULL DEFAULT '0',`ESPECIE` mediumint(7) NOT NULL DEFAULT '0', 'VIDA' float(4) NOT NULL DEFAULT '100', 'CHALECO' float(4) NOT NULL DEFAULT '0', `MUNDO` mediumint(7) NOT NULL DEFAULT '0',`INTERIOR` mediumint(7) NOT NULL DEFAULT '0','ANGULO' float(4) NOT NULL DEFAULT '90.0','POSX' float(4) NOT NULL DEFAULT '0','POSY' float(4) NOT NULL DEFAULT '0','POSZ' float(4) NOT NULL DEFAULT '0','DINERO' int(11) NOT NULL DEFAULT '1000', PRIMARY KEY (`ID`), UNIQUE KEY `NOMBRE` (`NOMBRE`))": You have an error in your SQL syntax; check the manual that corresponds to your MariaDB server version for the right syntax to use near ''VIDA' float(4) NOT NULL DEFAULT '100', 'CHALECO' float(4) NOT NULL DEFAULT '0',' at line 1
[14:36:29] [WARNING] mysql_connect: no password specified
[14:41:30] [WARNING] mysql_connect: no password specified
[14:41:30] [ERROR] error #1064 while executing query "CREATE TABLE IF NOT EXISTS `USUARIOS` (`ID` int(11) NOT NULL AUTO_INCREMENT,`NOMBRE` varchar(24) NOT NULL,`PASSWORD` char(65) NOT NULL,`GENERO` tinyint(1) NOT NULL,`EDAD` mediumint(7), `NIVEL` mediumint(7) PRIMARY KEY (`ID`), UNIQUE KEY `NOMBRE` (`NOMBRE`))": You have an error in your SQL syntax; check the manual that corresponds to your MariaDB server version for the right syntax to use near '(`ID`), UNIQUE KEY `NOMBRE` (`NOMBRE`))' at line 1
[14:41:59] [WARNING] mysql_connect: no password specified
[14:41:59] [ERROR] error #1064 while executing query "CREATE TABLE IF NOT EXISTS `USUARIOS` (`ID` int(11) NOT NULL AUTO_INCREMENT,`NOMBRE` varchar(24) NOT NULL,`PASSWORD` char(65) NOT NULL,`GENERO` tinyint(1) NOT NULL,`EDAD` mediumint(7), `NIVEL` mediumint(7), `INDUMENCIA` mediumint(7) NOT NULL DEFAULT '0',`ESPECIE` mediumint(7) NOT NULL DEFAULT '0', 'VIDA' float(4) NOT NULL DEFAULT '100', 'CHALECO' float(4) NOT NULL DEFAULT '0', `MUNDO` mediumint(7) NOT NULL DEFAULT '0',`INTERIOR` mediumint(7) NOT NULL DEFAULT '0','ANGULO' float(4) NOT NULL DEFAULT '90.0','POSX' float(4) NOT NULL DEFAULT '0','POSY' float(4) NOT NULL DEFAULT '0','POSZ' float(4) NOT NULL DEFAULT '0','DINERO' int(11) NOT NULL DEFAULT '1000', PRIMARY KEY (`ID`), UNIQUE KEY `NOMBRE` (`NOMBRE`))": You have an error in your SQL syntax; check the manual that corresponds to your MariaDB server version for the right syntax to use near ''VIDA' float(4) NOT NULL DEFAULT '100', 'CHALECO' float(4) NOT NULL DEFAULT '0',' at line 1
[14:42:12] [WARNING] mysql_connect: no password specified
[14:42:12] [ERROR] error #1064 while executing query "CREATE TABLE IF NOT EXISTS `USUARIOS` (`ID` int(11) NOT NULL AUTO_INCREMENT,`NOMBRE` varchar(24) NOT NULL,`PASSWORD` char(65) NOT NULL,`GENERO` tinyint(1) NOT NULL,`EDAD` mediumint(7), `NIVEL` mediumint(7), `INDUMENCIA` mediumint(7) NOT NULL DEFAULT '0',`ESPECIE` mediumint(7) NOT NULL DEFAULT '0', 'VIDA' float(4) NOT NULL DEFAULT '100', 'CHALECO' float(4) NOT NULL DEFAULT '0', `MUNDO` mediumint(7) NOT NULL DEFAULT '0',`INTERIOR` mediumint(7) NOT NULL DEFAULT '0','ANGULO' float(4) NOT NULL DEFAULT '90.0','POSX' float(4) NOT NULL DEFAULT '0','POSY' float(4) NOT NULL DEFAULT '0','POSZ' float(4) NOT NULL DEFAULT '0','DINERO' int(11) NOT NULL DEFAULT '1000', PRIMARY KEY (`ID`), UNIQUE KEY `NOMBRE` (`NOMBRE`))": You have an error in your SQL syntax; check the manual that corresponds to your MariaDB server version for the right syntax to use near ''VIDA' float(4) NOT NULL DEFAULT '100', 'CHALECO' float(4) NOT NULL DEFAULT '0',' at line 1
[14:42:20] [WARNING] mysql_connect: no password specified
[14:42:20] [ERROR] error #1064 while executing query "CREATE TABLE IF NOT EXISTS `USUARIOS` (`ID` int(11) NOT NULL AUTO_INCREMENT,`NOMBRE` varchar(24) NOT NULL,`PASSWORD` char(65) NOT NULL,`GENERO` tinyint(1) NOT NULL,`EDAD` mediumint(7), `NIVEL` mediumint(7), `INDUMENCIA` mediumint(7) NOT NULL DEFAULT '0',`ESPECIE` mediumint(7) NOT NULL DEFAULT '0', 'VIDA' float(4) NOT NULL DEFAULT '100', 'CHALECO' float(4) NOT NULL DEFAULT '0', `MUNDO` mediumint(7) NOT NULL DEFAULT '0',`INTERIOR` mediumint(7) NOT NULL DEFAULT '0','ANGULO' float(4) NOT NULL DEFAULT '90.0','POSX' float(4) NOT NULL DEFAULT '0','POSY' float(4) NOT NULL DEFAULT '0','POSZ' float(4) NOT NULL DEFAULT '0','DINERO' int(11) NOT NULL DEFAULT '1000', PRIMARY KEY (`ID`), UNIQUE KEY `NOMBRE` (`NOMBRE`))": You have an error in your SQL syntax; check the manual that corresponds to your MariaDB server version for the right syntax to use near ''VIDA' float(4) NOT NULL DEFAULT '100', 'CHALECO' float(4) NOT NULL DEFAULT '0',' at line 1
[14:45:27] [WARNING] mysql_connect: no password specified
[14:58:55] [WARNING] mysql_connect: no password specified
[14:59:46] [ERROR] mysql_tquery: callback error: parameter count does not match format specifier length
[15:00:59] [ERROR] mysql_format: destination size '256' is too small
[15:00:59] [ERROR] error #1065 while executing query "": Query was empty
[15:12:32] [WARNING] mysql_connect: no password specified
[15:13:02] [ERROR] mysql_tquery: callback error: parameter count does not match format specifier length
[15:14:32] [ERROR] mysql_tquery: callback error: parameter count does not match format specifier length
[15:19:05] [WARNING] mysql_connect: no password specified
[15:19:31] [ERROR] mysql_tquery: callback error: parameter count does not match format specifier length
[15:22:12] [WARNING] mysql_connect: no password specified
[15:22:39] [ERROR] mysql_tquery: callback error: parameter count does not match format specifier length
[15:24:42] [WARNING] mysql_connect: no password specified
[15:25:16] [ERROR] mysql_tquery: callback error: parameter count does not match format specifier length
[15:26:19] [WARNING] mysql_connect: no password specified
[15:28:52] [WARNING] mysql_connect: no password specified
[15:29:23] [ERROR] mysql_tquery: callback error: parameter count does not match format specifier length
[15:31:27] [WARNING] mysql_connect: no password specified
[15:32:17] [ERROR] mysql_tquery: callback error: parameter count does not match format specifier length
[15:33:16] [WARNING] mysql_connect: no password specified
[15:33:43] [ERROR] mysql_tquery: callback error: parameter count does not match format specifier length
[15:34:14] [WARNING] mysql_connect: no password specified
[15:34:41] [ERROR] mysql_tquery: callback error: parameter count does not match format specifier length
[11:01:29] [WARNING] mysql_connect: no password specified
[11:02:36] [ERROR] mysql_tquery: callback error: parameter count does not match format specifier length
[11:04:19] [WARNING] mysql_connect: no password specified
[11:04:48] [ERROR] mysql_tquery: callback error: parameter count does not match format specifier length
[11:34:38] [WARNING] mysql_connect: no password specified
[11:45:26] [WARNING] mysql_connect: no password specified
[15:00:47] [WARNING] mysql_connect: no password specified
[15:02:34] [WARNING] mysql_connect: no password specified
[15:39:28] [WARNING] mysql_connect: no password specified
[15:59:04] [WARNING] mysql_connect: no password specified
[15:59:48] [ERROR] mysql_format: destination size '256' is too small
[15:59:48] [ERROR] error #1065 while executing query "": Query was empty
[16:01:03] [WARNING] mysql_connect: no password specified
[16:01:34] [ERROR] cache_get_value_name_int: value 'NULL' is not a number
[16:01:34] [ERROR] cache_get_value_name_int: value 'NULL' is not a number
[16:01:49] [ERROR] mysql_format: destination size '256' is too small
[16:01:49] [ERROR] error #1065 while executing query "": Query was empty
[16:03:37] [WARNING] mysql_connect: no password specified
[16:04:07] [ERROR] cache_get_value_name_int: value 'NULL' is not a number
[16:04:07] [ERROR] cache_get_value_name_int: value 'NULL' is not a number
[16:04:18] [ERROR] mysql_format: destination size '256' is too small
[16:04:18] [ERROR] error #1065 while executing query "": Query was empty
[16:12:44] [WARNING] mysql_connect: no password specified
[16:13:17] [ERROR] cache_get_value_name_int: value 'NULL' is not a number
[16:13:17] [ERROR] cache_get_value_name_int: value 'NULL' is not a number
[16:13:46] [ERROR] mysql_format: destination size '256' is too small
[16:13:46] [ERROR] error #1065 while executing query "": Query was empty
[16:15:20] [WARNING] mysql_connect: no password specified
[16:15:53] [ERROR] mysql_format: destination size '256' is too small
[16:15:53] [ERROR] error #1065 while executing query "": Query was empty
[16:18:41] [WARNING] mysql_connect: no password specified
[16:19:22] [ERROR] mysql_format: destination size '256' is too small
[16:19:22] [ERROR] error #1065 while executing query "": Query was empty
[16:19:49] [WARNING] mysql_connect: no password specified
[16:20:22] [ERROR] mysql_format: destination size '256' is too small
[16:20:22] [ERROR] error #1065 while executing query "": Query was empty
[16:22:28] [WARNING] mysql_connect: no password specified
[16:23:08] [ERROR] mysql_format: destination size '256' is too small
[16:23:08] [ERROR] error #1065 while executing query "": Query was empty
[16:23:35] [WARNING] mysql_connect: no password specified
[16:24:08] [ERROR] cache_get_value_name_int: value 'NULL' is not a number
[16:24:08] [ERROR] cache_get_value_name_int: value 'NULL' is not a number
[16:24:43] [ERROR] mysql_format: destination size '256' is too small
[16:24:43] [ERROR] error #1065 while executing query "": Query was empty
[16:25:03] [WARNING] mysql_connect: no password specified
[16:25:32] [ERROR] cache_get_value_name_int: value 'NULL' is not a number
[16:25:32] [ERROR] cache_get_value_name_int: value 'NULL' is not a number
[16:25:40] [ERROR] mysql_format: destination size '256' is too small
[16:25:40] [ERROR] error #1065 while executing query "": Query was empty
[16:26:55] [WARNING] mysql_connect: no password specified
[16:27:27] [ERROR] cache_get_value_name_int: value 'NULL' is not a number
[16:27:27] [ERROR] cache_get_value_name_int: value 'NULL' is not a number
[16:27:35] [ERROR] mysql_format: destination size '256' is too small
[16:27:35] [ERROR] error #1065 while executing query "": Query was empty
[16:31:15] [WARNING] mysql_connect: no password specified
[16:31:18] [WARNING] mysql_connect: no password specified
[16:31:51] [ERROR] mysql_format: destination size '256' is too small
[16:31:51] [ERROR] error #1065 while executing query "": Query was empty
[16:33:47] [WARNING] mysql_connect: no password specified
[16:33:52] [WARNING] mysql_connect: no password specified
[16:33:57] [WARNING] mysql_connect: no password specified
[16:34:29] [ERROR] mysql_format: destination size '256' is too small
[16:34:29] [ERROR] error #1065 while executing query "": Query was empty
[16:35:55] [ERROR] cache_get_value_name_int: value 'NULL' is not a number
[16:35:55] [ERROR] cache_get_value_name_int: value 'NULL' is not a number
[16:36:06] [ERROR] mysql_format: destination size '256' is too small
[16:36:06] [ERROR] error #1065 while executing query "": Query was empty
[16:37:42] [WARNING] mysql_connect: no password specified
[16:38:22] [ERROR] cache_get_value_name_int: value 'NULL' is not a number
[16:38:22] [ERROR] cache_get_value_name_int: value 'NULL' is not a number
[16:38:33] [ERROR] mysql_format: destination size '256' is too small
[16:38:33] [ERROR] error #1065 while executing query "": Query was empty
[16:41:02] [WARNING] mysql_connect: no password specified
[16:41:35] [ERROR] cache_get_value_name_int: value 'NULL' is not a number
[16:41:35] [ERROR] cache_get_value_name_int: value 'NULL' is not a number
[16:42:52] [ERROR] mysql_format: destination size '256' is too small
[16:42:52] [ERROR] error #1065 while executing query "": Query was empty
[16:46:43] [WARNING] mysql_connect: no password specified
[16:47:10] [ERROR] cache_get_value_name_int: value 'NULL' is not a number
[16:47:10] [ERROR] cache_get_value_name_int: value 'NULL' is not a number
[16:47:19] [ERROR] mysql_format: no value for specifier '%d' passed
[16:47:19] [ERROR] error #1065 while executing query "": Query was empty
[16:53:26] [WARNING] mysql_connect: no password specified
[16:53:30] [WARNING] mysql_connect: no password specified
[16:53:56] [ERROR] cache_get_value_name_int: value 'NULL' is not a number
[16:53:56] [ERROR] cache_get_value_name_int: value 'NULL' is not a number
[16:54:03] [ERROR] mysql_format: no value for specifier '%d' passed
[16:54:03] [ERROR] error #1065 while executing query "": Query was empty
[16:55:38] [WARNING] mysql_connect: no password specified
[16:56:15] [ERROR] cache_get_value_name_int: value 'NULL' is not a number
[16:56:15] [ERROR] cache_get_value_name_int: value 'NULL' is not a number
[16:56:21] [ERROR] mysql_format: no value for specifier '%d' passed
[16:56:21] [ERROR] error #1065 while executing query "": Query was empty
[17:02:22] [WARNING] mysql_connect: no password specified
[17:02:49] [ERROR] cache_get_value_name_int: value 'NULL' is not a number
[17:02:49] [ERROR] cache_get_value_name_int: value 'NULL' is not a number
[17:03:45] [ERROR] cache_get_value_name_int: value 'NULL' is not a number
[17:03:45] [ERROR] cache_get_value_name_int: value 'NULL' is not a number
[17:04:53] [WARNING] mysql_connect: no password specified
[17:05:28] [ERROR] cache_get_value_name_int: value 'NULL' is not a number
[17:05:28] [ERROR] cache_get_value_name_int: value 'NULL' is not a number
[17:05:35] [ERROR] mysql_format: destination size '256' is too small
[17:05:35] [ERROR] error #1065 while executing query "": Query was empty
[17:07:36] [WARNING] mysql_connect: no password specified
[17:10:28] [WARNING] mysql_connect: no password specified
[17:10:56] [ERROR] cache_get_value_name_int: value 'NULL' is not a number
[17:10:56] [ERROR] cache_get_value_name_int: value 'NULL' is not a number
[17:12:56] [WARNING] mysql_connect: no password specified
[17:13:23] [ERROR] cache_get_value_name_int: value 'NULL' is not a number
[17:13:23] [ERROR] cache_get_value_name_int: value 'NULL' is not a number
[17:20:12] [WARNING] mysql_connect: no password specified
[17:20:37] [ERROR] cache_get_value_name_int: value 'NULL' is not a number
[17:20:37] [ERROR] cache_get_value_name_int: value 'NULL' is not a number
[17:20:53] [ERROR] mysql_format: destination size '256' is too small
[17:20:53] [ERROR] error #1065 while executing query "": Query was empty
[17:22:01] [WARNING] mysql_connect: no password specified
[17:22:45] [ERROR] cache_get_value_name_int: value 'NULL' is not a number
[17:22:45] [ERROR] cache_get_value_name_int: value 'NULL' is not a number
[17:23:30] [ERROR] cache_get_value_name_int: value 'NULL' is not a number
[17:23:30] [ERROR] cache_get_value_name_int: value 'NULL' is not a number
[17:25:37] [WARNING] mysql_connect: no password specified
[17:26:09] [ERROR] cache_get_value_name_int: value 'NULL' is not a number
[17:26:09] [ERROR] cache_get_value_name_int: value 'NULL' is not a number
[17:29:13] [WARNING] mysql_connect: no password specified
[17:29:22] [WARNING] mysql_connect: no password specified
[17:29:53] [ERROR] cache_get_value_name_int: value 'NULL' is not a number
[17:29:53] [ERROR] cache_get_value_name_int: value 'NULL' is not a number
[17:31:05] [ERROR] cache_get_value_name_int: value 'NULL' is not a number
[17:31:05] [ERROR] cache_get_value_name_int: value 'NULL' is not a number
[17:32:38] [WARNING] mysql_connect: no password specified
[17:33:05] [ERROR] cache_get_value_name_int: value 'NULL' is not a number
[17:33:05] [ERROR] cache_get_value_name_int: value 'NULL' is not a number
[17:37:53] [WARNING] mysql_connect: no password specified
[17:38:32] [ERROR] cache_get_value_name_int: value 'NULL' is not a number
[17:38:32] [ERROR] cache_get_value_name_int: value 'NULL' is not a number
[17:39:54] [WARNING] mysql_connect: no password specified
[17:40:20] [ERROR] cache_get_value_name_int: value 'NULL' is not a number
[17:40:20] [ERROR] cache_get_value_name_int: value 'NULL' is not a number
[17:41:21] [ERROR] cache_get_value_name_int: value 'NULL' is not a number
[17:41:21] [ERROR] cache_get_value_name_int: value 'NULL' is not a number
[17:45:13] [WARNING] mysql_connect: no password specified
[17:45:41] [ERROR] cache_get_value_name_int: value 'NULL' is not a number
[17:45:41] [ERROR] cache_get_value_name_int: value 'NULL' is not a number
[17:46:37] [ERROR] cache_get_value_name_int: value 'NULL' is not a number
[17:46:37] [ERROR] cache_get_value_name_int: value 'NULL' is not a number
[17:47:48] [ERROR] cache_get_value_name_int: value 'NULL' is not a number
[17:47:48] [ERROR] cache_get_value_name_int: value 'NULL' is not a number
[17:48:22] [ERROR] cache_get_value_name_int: value 'NULL' is not a number
[17:48:22] [ERROR] cache_get_value_name_int: value 'NULL' is not a number
[19:03:54] [WARNING] mysql_connect: no password specified
[19:07:26] [WARNING] mysql_connect: no password specified
[19:10:07] [WARNING] mysql_connect: no password specified
[19:11:04] [WARNING] mysql_connect: no password specified
[20:47:15] [WARNING] mysql_connect: no password specified
[20:50:34] [ERROR] cache_get_value_name_int: value 'NULL' is not a number
[20:53:09] [WARNING] mysql_connect: no password specified
[20:57:35] [WARNING] mysql_connect: no password specified
[20:59:44] [ERROR] cache_get_value_name_int: value 'NULL' is not a number
[20:59:44] [ERROR] cache_get_value_name_int: value 'NULL' is not a number
[21:09:49] [WARNING] mysql_connect: no password specified
[21:10:15] [ERROR] cache_get_value_name_int: value 'NULL' is not a number
[21:10:15] [ERROR] cache_get_value_name_int: value 'NULL' is not a number
[21:12:51] [ERROR] cache_get_value_name_int: value 'NULL' is not a number
[21:16:51] [WARNING] mysql_connect: no password specified
[21:17:15] [ERROR] cache_get_value_name_int: value 'NULL' is not a number
[21:18:08] [WARNING] mysql_connect: no password specified
[21:19:09] [WARNING] mysql_connect: no password specified
[21:19:34] [ERROR] cache_get_value_name_int: value 'NULL' is not a number
[21:20:55] [WARNING] mysql_connect: no password specified
[21:21:20] [ERROR] cache_get_value_name_int: value 'NULL' is not a number
[21:27:04] [WARNING] mysql_connect: no password specified
[21:27:28] [ERROR] cache_get_value_name_int: value 'NULL' is not a number
[21:28:34] [WARNING] mysql_connect: no password specified
[21:28:39] [WARNING] mysql_connect: no password specified
[21:29:05] [ERROR] cache_get_value_name_int: value 'NULL' is not a number
[21:29:53] [ERROR] cache_get_value_name_int: value 'NULL' is not a number
[21:30:50] [ERROR] cache_get_value_name_int: value 'NULL' is not a number
[21:37:24] [WARNING] mysql_connect: no password specified
[21:37:49] [ERROR] cache_get_value_name_int: value 'NULL' is not a number
[21:38:53] [ERROR] cache_get_value_name_int: value 'NULL' is not a number
[21:39:13] [WARNING] mysql_connect: no password specified
[21:39:39] [ERROR] cache_get_value_name_int: value 'NULL' is not a number
[21:40:14] [WARNING] mysql_connect: no password specified
[21:40:41] [ERROR] cache_get_value_name_int: value 'NULL' is not a number
[21:42:19] [ERROR] cache_get_value_name_int: value 'NULL' is not a number
[21:44:45] [WARNING] mysql_connect: no password specified
[21:45:26] [ERROR] cache_get_value_name_int: value 'NULL' is not a number
[21:48:35] [ERROR] cache_get_value_name_int: value 'NULL' is not a number
[21:49:09] [WARNING] mysql_connect: no password specified
[21:50:46] [WARNING] mysql_connect: no password specified
[21:51:15] [ERROR] cache_get_value_name_int: no active cache
[21:52:35] [WARNING] mysql_connect: no password specified
[21:52:41] [WARNING] mysql_connect: no password specified
[21:52:49] [WARNING] mysql_connect: no password specified
[21:52:53] [WARNING] mysql_connect: no password specified
[21:53:22] [ERROR] cache_set_active: invalid cache id '0'
[21:53:22] [ERROR] cache_get_value_name_int: no active cache
[21:53:59] [WARNING] mysql_connect: no password specified
[21:54:48] [ERROR] cache_set_active: invalid cache id '0'
[21:54:48] [ERROR] cache_get_value_name_int: no active cache
[21:56:00] [WARNING] mysql_connect: no password specified
[21:56:56] [ERROR] error #1054 while executing query "UPDATE `usuarios` SET `VIDA` = 95.000000, `CHALECO` = 100.000000,`DINERO` = 100, `POSX` = 1982.559326, `POSY` = 1314.206299, `POSZ` = 9.250097, `ANGULO` = 231.218750, `INTERIOR` = 0, `MUNDO` = 0 WHERE `NOMBRE` = Johan1 LIMIT 1": Unknown column 'Johan1' in 'where clause'
[21:57:39] [ERROR] cache_get_value_name_int: value 'NULL' is not a number
[21:57:42] [ERROR] error #1054 while executing query "UPDATE `usuarios` SET `VIDA` = 100.000000, `CHALECO` = 0.000000,`DINERO` = 1000, `POSX` = 1955.686890, `POSY` = 1345.188110, `POSZ` = 15.374607, `ANGULO` = 309.625336, `INTERIOR` = 0, `MUNDO` = 0 WHERE `NOMBRE` = Johan1 LIMIT 1": Unknown column 'Johan1' in 'where clause'
[21:58:43] [WARNING] mysql_connect: no password specified
[21:59:08] [ERROR] cache_get_value_name_int: value 'NULL' is not a number
[22:02:11] [WARNING] mysql_connect: no password specified
[22:02:46] [ERROR] cache_set_active: invalid cache id '0'
[22:02:46] [ERROR] cache_get_value_name_int: no active cache
[22:02:46] [ERROR] cache_get_value_name_int: no active cache
[22:02:46] [ERROR] cache_get_value_name_int: no active cache
[22:02:46] [ERROR] cache_get_value_name_int: no active cache
[22:02:46] [ERROR] cache_get_value_name_int: no active cache
[22:02:46] [ERROR] cache_get_value_name_int: no active cache
[22:02:46] [ERROR] cache_get_value_name_int: no active cache
[22:02:46] [ERROR] cache_get_value_name_int: no active cache
[22:02:46] [ERROR] cache_get_value_name_float: no active cache
[22:02:46] [ERROR] cache_get_value_name_float: no active cache
[22:02:46] [ERROR] cache_get_value_name_float: no active cache
[22:02:46] [ERROR] cache_get_value_name_float: no active cache
[22:02:46] [ERROR] cache_get_value_name_float: no active cache
[22:02:46] [ERROR] cache_get_value_name_float: no active cache
[22:02:46] [ERROR] cache_get_value_name_int: no active cache
[22:02:46] [ERROR] cache_delete: invalid cache id '0'
[22:04:22] [WARNING] mysql_connect: no password specified
[22:06:21] [ERROR] error #1054 while executing query "UPDATE `usuarios` SET `VIDA` = 100.000000, `CHALECO` = 100.000000,`DINERO` = 100, `POSX` = 1958.300049, `POSY` = 1343.150024, `POSZ` = 15.374607, `ANGULO` = 89.999992, `INTERIOR` = 0, `MUNDO` = 0 WHERE `NOMBRE` = Johan1 LIMIT 1": Unknown column 'Johan1' in 'where clause'
[22:07:04] [ERROR] cache_get_value_name_int: value 'NULL' is not a number
[22:07:08] [ERROR] error #1054 while executing query "UPDATE `usuarios` SET `VIDA` = 100.000000, `CHALECO` = 0.000000,`DINERO` = 1000, `POSX` = 1959.118042, `POSY` = 1344.616821, `POSZ` = 15.374607, `ANGULO` = 287.691803, `INTERIOR` = 0, `MUNDO` = 0 WHERE `NOMBRE` = Johan1 LIMIT 1": Unknown column 'Johan1' in 'where clause'
[22:12:27] [WARNING] mysql_connect: no password specified
[22:13:01] [ERROR] cache_insert_id: no active cache
[22:15:17] [WARNING] mysql_connect: no password specified
[22:20:24] [ERROR] cache_get_value_name_int: value 'NULL' is not a number
[22:23:57] [WARNING] mysql_connect: no password specified
[22:24:22] [ERROR] cache_get_value_name_int: value 'NULL' is not a number
[22:24:58] [WARNING] mysql_connect: no password specified
[22:27:24] [ERROR] cache_get_value_name_int: value 'NULL' is not a number
[11:41:55] [WARNING] mysql_connect: no password specified
[11:44:16] [ERROR] cache_get_value_name_int: value 'NULL' is not a number
[11:53:40] [WARNING] mysql_connect: no password specified
[11:56:35] [WARNING] mysql_connect: no password specified
[11:57:54] [WARNING] mysql_connect: no password specified
[12:08:48] [WARNING] mysql_connect: no password specified
[12:11:23] [WARNING] mysql_connect: no password specified
[12:17:27] [WARNING] mysql_connect: no password specified
[12:18:45] [WARNING] mysql_connect: no password specified
[12:19:41] [WARNING] mysql_connect: no password specified
[12:45:31] [WARNING] mysql_connect: no password specified
[13:33:05] [WARNING] mysql_connect: no password specified
[13:35:49] [WARNING] mysql_connect: no password specified
[13:36:13] [ERROR] cache_get_value_name_int: value 'NULL' is not a number
[13:37:33] [WARNING] mysql_connect: no password specified
[13:38:02] [ERROR] cache_get_value_name_int: value 'NULL' is not a number
[13:39:19] [WARNING] mysql_connect: no password specified
[13:39:42] [ERROR] cache_get_value_name_int: value 'NULL' is not a number
[13:40:47] [WARNING] mysql_connect: no password specified
[13:41:22] [WARNING] mysql_connect: no password specified
[13:41:47] [ERROR] cache_get_value_name_int: value 'NULL' is not a number
[14:01:14] [WARNING] mysql_connect: no password specified
[14:01:52] [ERROR] cache_get_value_name_int: value 'NULL' is not a number
[14:23:00] [WARNING] mysql_connect: no password specified
[14:23:43] [ERROR] cache_get_value_name_int: value 'NULL' is not a number
[14:25:48] [WARNING] mysql_connect: no password specified
[14:26:27] [ERROR] cache_get_value_name_int: value 'NULL' is not a number
[14:27:37] [WARNING] mysql_connect: no password specified
[14:32:10] [WARNING] mysql_connect: no password specified
[14:32:37] [ERROR] cache_get_value_name_int: value 'NULL' is not a number
[14:35:47] [WARNING] mysql_connect: no password specified
[14:36:13] [ERROR] cache_get_value_name_int: value 'NULL' is not a number
[14:37:34] [WARNING] mysql_connect: no password specified
[14:37:58] [ERROR] cache_get_value_name_int: value 'NULL' is not a number
[14:39:10] [WARNING] mysql_connect: no password specified
[14:44:43] [WARNING] mysql_connect: no password specified
[14:45:08] [ERROR] cache_get_value_name_int: value 'NULL' is not a number
[14:45:53] [ERROR] mysql_format: destination size '256' is too small
[14:45:53] [ERROR] error #1065 while executing query "": Query was empty
[14:50:20] [WARNING] mysql_connect: no password specified
[14:51:13] [ERROR] mysql_format: destination size '256' is too small
[14:51:13] [ERROR] error #1065 while executing query "": Query was empty
[14:55:15] [WARNING] mysql_connect: no password specified
[14:55:41] [ERROR] cache_get_value_name_int: value 'NULL' is not a number
[14:55:49] [ERROR] mysql_format: destination size '256' is too small
[14:55:49] [ERROR] error #1065 while executing query "": Query was empty
[14:56:13] [WARNING] mysql_connect: no password specified
[14:57:00] [ERROR] mysql_format: destination size '256' is too small
[14:57:00] [ERROR] error #1065 while executing query "": Query was empty
[15:01:29] [WARNING] mysql_connect: no password specified
[15:02:05] [ERROR] mysql_format: destination size '256' is too small
[15:02:05] [ERROR] error #1065 while executing query "": Query was empty
[15:02:47] [WARNING] mysql_connect: no password specified
[15:06:42] [WARNING] mysql_connect: no password specified
[15:08:45] [WARNING] mysql_connect: no password specified
[15:10:07] [WARNING] mysql_connect: no password specified
[15:12:32] [WARNING] mysql_connect: no password specified
[15:15:08] [WARNING] mysql_connect: no password specified
[15:17:06] [WARNING] mysql_connect: no password specified
